make all --print-data-base --no-builtin-variables --no-builtin-rules --question
# GNU Make 4.1
# Built for x86_64-pc-linux-gnu
# Copyright (C) 1988-2014 Free Software Foundation, Inc.
# License GPLv3+: GNU GPL version 3 or later <http://gnu.org/licenses/gpl.html>
# This is free software: you are free to change and redistribute it.
# There is NO WARRANTY, to the extent permitted by law.

# Make data base, printed on Mon Aug  8 05:36:04 2022

# Variables

# automatic
<D = $(patsubst %/,%,$(dir $<))
# automatic
?F = $(notdir $?)
# environment
DESKTOP_SESSION = ubuntu
# default
.SHELLFLAGS := -c
# environment
XDG_SESSION_TYPE = x11
# environment
UPSTART_INSTANCE = 
# automatic
?D = $(patsubst %/,%,$(dir $?))
# automatic
@D = $(patsubst %/,%,$(dir $@))
# environment
XAUTHORITY = /home/thg/.Xauthority
# environment
GDMSESSION = ubuntu
# environment
XMODIFIERS = @im=ibus
# makefile
CURDIR := /home/thg/Documents/github/http_server
# makefile
SHELL = /bin/sh
# environment
UPSTART_JOB = unity7
# environment
VSCODE_NLS_CONFIG = {"locale":"zh-cn","availableLanguages":{"*":"zh-cn"},"_languagePackId":"1d735750dbb1b9066c7513078396ba0f.zh-cn","_translationsConfigFile":"/home/thg/.config/Code/clp/1d735750dbb1b9066c7513078396ba0f.zh-cn/tcf.json","_cacheRoot":"/home/thg/.config/Code/clp/1d735750dbb1b9066c7513078396ba0f.zh-cn","_resolvedLanguagePackCoreLocation":"/home/thg/.config/Code/clp/1d735750dbb1b9066c7513078396ba0f.zh-cn/3b889b090b5ad5793f524b5d1d39fda662b96a2a","_corruptedFile":"/home/thg/.config/Code/clp/1d735750dbb1b9066c7513078396ba0f.zh-cn/corrupted.info","_languagePackSupport":true}
# environment
_ = /usr/share/code/code
# environment
XDG_CONFIG_DIRS = /etc/xdg/xdg-ubuntu:/usr/share/upstart/xdg:/etc/xdg
# makefile (from 'Makefile', line 1)
MAKEFILE_LIST :=  Makefile
# automatic
@F = $(notdir $@)
# environment
GIO_LAUNCHED_DESKTOP_FILE = /usr/share/applications/code.desktop
# 'override' directive
GNUMAKEFLAGS := 
# environment
SESSIONTYPE = gnome-session
# environment
MANDATORY_PATH = /usr/share/gconf/ubuntu.mandatory.path
# environment
XDG_DATA_DIRS = /usr/share/ubuntu:/usr/share/gnome:/usr/local/share:/usr/share:/var/lib/snapd/desktop:/var/lib/snapd/desktop
# environment
DBUS_SESSION_BUS_ADDRESS = unix:abstract=/tmp/dbus-OYIBaiNAQR
# makefile (from 'Makefile', line 4)
OBJS = main.o httpserver.o httpresponse.o
# environment
CLUTTER_IM_MODULE = xim
# environment
LESSOPEN = | /usr/bin/lesspipe %s
# environment
VSCODE_CWD = /home/thg
# environment
XDG_SESSION_PATH = /org/freedesktop/DisplayManager/Session0
# default
MAKE_HOST := x86_64-pc-linux-gnu
# environment
PATH = /home/thg/bin:/home/thg/.local/bin:/home/thg/bin:/home/thg/.local/bin:/usr/local/sbin:/usr/local/bin:/usr/sbin:/usr/bin:/sbin:/bin:/usr/games:/usr/local/games:/usr/local/protobuf/bin:/snap/bin:/usr/local/protobuf/bin
# environment
GPG_AGENT_INFO = /home/thg/.gnupg/S.gpg-agent:0:1
# environment
SESSION_MANAGER = local/ubuntu:@/tmp/.ICE-unix/1886,unix/ubuntu:/tmp/.ICE-unix/1886
# environment
XDG_RUNTIME_DIR = /run/user/1000
# environment
LIBRARY_PATH = :/usr/local/protobuf/lib:/usr/local/protobuf/lib
# environment
XDG_MENU_PREFIX = gnome-
# environment
ELECTRON_RUN_AS_NODE = 1
# default
.FEATURES := target-specific order-only second-expansion else-if shortest-stem undefine oneshell archives jobserver output-sync check-symlink load
# environment
SESSION = ubuntu
# environment
XDG_GREETER_DATA_DIR = /var/lib/lightdm-data/thg
# environment
LS_COLORS = 
# makefile (from 'Makefile', line 6)
CC_FLAGS = -W -Wall -Werror -I./ -std=c++11
# environment
JOB = unity-settings-daemon
# environment
XDG_SESSION_DESKTOP = ubuntu
# environment
SSH_AUTH_SOCK = /run/user/1000/keyring/ssh
# environment
GIO_LAUNCHED_DESKTOP_FILE_PID = 2370
# automatic
%F = $(notdir $%)
# environment
DISPLAY = :0
# environment
GTK_IM_MODULE = ibus
# environment
PWD = /home/thg/Documents/github/http_server
# environment
QT_QPA_PLATFORMTHEME = appmenu-qt5
# environment
XDG_SEAT = seat0
# environment
GDM_LANG = en_US
# environment
PKG_CONFIG_PATH = :/usr/local/lib/pkgconfig
# environment
ORIGINAL_XDG_CURRENT_DESKTOP = Unity
# environment
GTK_MODULES = gail:atk-bridge:unity-gtk-module
# environment
VSCODE_AMD_ENTRYPOINT = vs/workbench/api/node/extensionHostProcess
# environment
HOME = /home/thg
# environment
LD_LIBRARY_PATH = :/usr/local/protobuf/lib:/usr/local/protobuf/lib
# environment
LESSCLOSE = /usr/bin/lesspipe %s %s
# environment
VSCODE_CODE_CACHE_PATH = /home/thg/.config/Code/CachedData/3b889b090b5ad5793f524b5d1d39fda662b96a2a
# environment
LOGNAME = thg
# environment
QT_LINUX_ACCESSIBILITY_ALWAYS_ON = 1
# environment
APPLICATION_INSIGHTS_NO_DIAGNOSTIC_CHANNEL = true
# environment
VSCODE_HANDLES_UNCAUGHT_ERRORS = true
# default
MAKE_VERSION := 4.1
# environment
GNOME_DESKTOP_SESSION_ID = this-is-deprecated
# automatic
^D = $(patsubst %/,%,$(dir $^))
# environment
XDG_VTNR = 7
# environment
MAKELEVEL := 0
# default
MAKE = $(MAKE_COMMAND)
# default
MAKECMDGOALS := all
# environment
QT_IM_MODULE = ibus
# environment
SHLVL = 1
# makefile (from 'Makefile', line 1)
CC = g++
# environment
IM_CONFIG_PHASE = 1
# environment
COMPIZ_CONFIG_PROFILE = ubuntu
# makefile (from 'Makefile', line 3)
EXEC = my_http
# environment
XDG_SESSION_ID = c2
# environment
USER = thg
# makefile
.DEFAULT_GOAL := my_http
# environment
XDG_CURRENT_DESKTOP = Unity
# environment
UPSTART_EVENTS = xsession started
# automatic
%D = $(patsubst %/,%,$(dir $%))
# environment
GNOME_KEYRING_PID = 
# default
MAKE_COMMAND := make
# default
.VARIABLES := 
# automatic
*F = $(notdir $*)
# environment
LANGUAGE = en_US
# environment
XDG_SEAT_PATH = /org/freedesktop/DisplayManager/Seat0
# environment
VSCODE_IPC_HOOK = /run/user/1000/vscode-14a46a3b-1.69.2-main.sock
# environment
GNOME_KEYRING_CONTROL = 
# makefile
MAKEFLAGS = pqrR
# environment
MFLAGS = -pqrR
# automatic
*D = $(patsubst %/,%,$(dir $*))
# automatic
+D = $(patsubst %/,%,$(dir $+))
# environment
GDK_BACKEND = x11
# automatic
+F = $(notdir $+)
# environment
GTK2_MODULES = overlay-scrollbar
# environment
QT_ACCESSIBILITY = 1
# environment
COMPIZ_BIN_PATH = /usr/bin/
# environment
DEFAULTS_PATH = /usr/share/gconf/ubuntu.default.path
# default
MAKEFILES := 
# environment
UPSTART_SESSION = unix:abstract=/com/ubuntu/upstart-session/1000/1658
# automatic
<F = $(notdir $<)
# environment
INSTANCE = 
# environment
LC_ALL = C
# environment
QT4_IM_MODULE = xim
# automatic
^F = $(notdir $^)
# default
SUFFIXES := 
# environment
CHROME_DESKTOP = code-url-handler.desktop
# default
.INCLUDE_DIRS = /usr/include /usr/local/include /usr/include
# default
.RECIPEPREFIX := 
# environment
LANG = C
# environment
VSCODE_PID = 2370
# variable set hash-table stats:
# Load=116/1024=11%, Rehash=0, Collisions=11/146=8%

# Pattern-specific Variable Values

# No pattern-specific variable values.

# Directories

# . (device 2049, inode 3410954): 19 files, no impossibilities.

# 19 files, no impossibilities in 1 directories.

# Implicit Rules

# No implicit rules.

# Files

httpresponse.o: HttpSponse.cpp HttpSponse.h
#  Implicit rule search has not been done.
#  Last modified 2022-07-22 05:57:02.251473325
#  File has been updated.
#  Successfully updated.
#  recipe to execute (from 'Makefile', line 18):
	$(CC) $(CC_FLAGS) -c -o $@ HttpSponse.cpp

# Not a target:
HttpSponse.h:
#  Implicit rule search has been done.
#  Last modified 2022-07-22 05:57:02.239473698
#  File has been updated.
#  Successfully updated.

all: my_http
 
#  Command line target.
#  Implicit rule search has been done.
#  File does not exist.
#  File has been updated.
#  Successfully updated.

# Not a target:
HttpSponse.cpp:
#  Implicit rule search has been done.
#  Last modified 2022-07-22 05:57:02.239473698
#  File has been updated.
#  Successfully updated.

# Not a target:
Makefile:
#  Implicit rule search has been done.
#  Last modified 2022-07-22 05:57:02.239473698
#  File has been updated.
#  Successfully updated.

# Not a target:
main.cpp:
#  Implicit rule search has been done.
#  Last modified 2022-07-22 05:57:02.251473325
#  File has been updated.
#  Successfully updated.

# Not a target:
.DEFAULT:
#  Implicit rule search has not been done.
#  Modification time never checked.
#  File has not been updated.

clean:
#  Implicit rule search has not been done.
#  Modification time never checked.
#  File has not been updated.
#  recipe to execute (from 'Makefile', line 23):
	rm -rf $(OBJS) $(EXEC)

# Not a target:
HttpServer.h:
#  Implicit rule search has been done.
#  Last modified 2022-07-22 05:57:02.239473698
#  File has been updated.
#  Successfully updated.

httpserver.o: HttpServer.cpp HttpServer.h
#  Implicit rule search has not been done.
#  Last modified 2022-07-22 05:57:02.251473325
#  File has been updated.
#  Successfully updated.
#  recipe to execute (from 'Makefile', line 15):
	$(CC) $(CC_FLAGS) -c -o $@ HttpServer.cpp
	

# Not a target:
HttpServer.cpp:
#  Implicit rule search has been done.
#  Last modified 2022-07-22 05:57:02.239473698
#  File has been updated.
#  Successfully updated.

main.o: main.cpp
#  Implicit rule search has not been done.
#  Last modified 2022-07-22 05:57:02.251473325
#  File has been updated.
#  Successfully updated.
#  recipe to execute (from 'Makefile', line 12):
	$(CC) $(CC_FLAGS) -c -o $@ main.cpp
	

my_http: main.o httpserver.o httpresponse.o
#  Implicit rule search has not been done.
#  Last modified 2022-07-22 05:57:02.251473325
#  File has been updated.
#  Successfully updated.
#  recipe to execute (from 'Makefile', line 9):
	$(CC) $(CC_FLAGS) $(OBJS) -o $@

# files hash-table stats:
# Load=14/1024=1%, Rehash=0, Collisions=0/37=0%
# VPATH Search Paths

# No 'vpath' search paths.

# No general ('VPATH' variable) search path.

# strcache buffers: 1 (0) / strings = 25 / storage = 236 B / avg = 9 B
# current buf: size = 8162 B / used = 236 B / count = 25 / avg = 9 B

# strcache performance: lookups = 49 / hit rate = 48%
# hash-table stats:
# Load=25/8192=0%, Rehash=0, Collisions=1/49=2%
# Finished Make data base on Mon Aug  8 05:36:04 2022

 
